CRITICAL - 2022-09-06 22:35:01 --> Undefined variable: status
in APPPATH\Controllers\Syaratumum.php on line 85.
 1 APPPATH\Controllers\Syaratumum.php(85): CodeIgniter\Debug\Exceptions->errorHandler(8, 'Undefined variable: status', 'APPPATH\\Controllers\\Syaratumum.php', 85, [...])
 2 SYSTEMPATH\CodeIgniter.php(896): App\Controllers\Syaratumum->proses()
 3 SYSTEMPATH\CodeIgniter.php(466): CodeIgniter\CodeIgniter->runController(Object(App\Controllers\Syaratumum))
 4 SYSTEMPATH\CodeIgniter.php(349): CodeIgniter\CodeIgniter->handleRequest(null, Object(Config\Cache), false)
 5 FCPATH\index.php(55): CodeIgniter\CodeIgniter->run()
ERROR - 2022-09-06 22:37:01 --> Unknown column 'keterangan' in 'field list'
CRITICAL - 2022-09-06 22:37:01 --> Unknown column 'keterangan' in 'field list'
in SYSTEMPATH\Database\MySQLi\Connection.php on line 292.
 1 SYSTEMPATH\Database\MySQLi\Connection.php(292): mysqli->query('INSERT INTO `syarat_umum` (`idsyarat_umum`, `keterangan`) VALUES (\'S00001\', \'<p>contoh</p>\')', 0)
 2 SYSTEMPATH\Database\BaseConnection.php(695): CodeIgniter\Database\MySQLi\Connection->execute('INSERT INTO `syarat_umum` (`idsyarat_umum`, `keterangan`) VALUES (\'S00001\', \'<p>contoh</p>\')')
 3 SYSTEMPATH\Database\BaseConnection.php(609): CodeIgniter\Database\BaseConnection->simpleQuery('INSERT INTO `syarat_umum` (`idsyarat_umum`, `keterangan`) VALUES (\'S00001\', \'<p>contoh</p>\')')
 4 SYSTEMPATH\Database\BaseBuilder.php(1904): CodeIgniter\Database\BaseConnection->query('INSERT INTO `syarat_umum` (`idsyarat_umum`, `keterangan`) VALUES (:idsyarat_umum:, :keterangan:)', [...], false)
 5 APPPATH\Models\Mcustom.php(45): CodeIgniter\Database\BaseBuilder->insert([...])
 6 APPPATH\Controllers\Syaratumum.php(96): App\Models\Mcustom->add('syarat_umum', [...])
 7 APPPATH\Controllers\Syaratumum.php(83): App\Controllers\Syaratumum->simpan()
 8 SYSTEMPATH\CodeIgniter.php(896): App\Controllers\Syaratumum->proses()
 9 SYSTEMPATH\CodeIgniter.php(466): CodeIgniter\CodeIgniter->runController(Object(App\Controllers\Syaratumum))
10 SYSTEMPATH\CodeIgniter.php(349): CodeIgniter\CodeIgniter->handleRequest(null, Object(Config\Cache), false)
11 FCPATH\index.php(55): CodeIgniter\CodeIgniter->run()
ERROR - 2022-09-06 22:38:01 --> Unknown column 'keterangan' in 'field list'
CRITICAL - 2022-09-06 22:38:01 --> Unknown column 'keterangan' in 'field list'
in SYSTEMPATH\Database\MySQLi\Connection.php on line 292.
 1 SYSTEMPATH\Database\MySQLi\Connection.php(292): mysqli->query('INSERT INTO `syarat_umum` (`idsyarat_umum`, `keterangan`) VALUES (\'S00001\', \'<p>asd</p>\')', 0)
 2 SYSTEMPATH\Database\BaseConnection.php(695): CodeIgniter\Database\MySQLi\Connection->execute('INSERT INTO `syarat_umum` (`idsyarat_umum`, `keterangan`) VALUES (\'S00001\', \'<p>asd</p>\')')
 3 SYSTEMPATH\Database\BaseConnection.php(609): CodeIgniter\Database\BaseConnection->simpleQuery('INSERT INTO `syarat_umum` (`idsyarat_umum`, `keterangan`) VALUES (\'S00001\', \'<p>asd</p>\')')
 4 SYSTEMPATH\Database\BaseBuilder.php(1904): CodeIgniter\Database\BaseConnection->query('INSERT INTO `syarat_umum` (`idsyarat_umum`, `keterangan`) VALUES (:idsyarat_umum:, :keterangan:)', [...], false)
 5 APPPATH\Models\Mcustom.php(45): CodeIgniter\Database\BaseBuilder->insert([...])
 6 APPPATH\Controllers\Syaratumum.php(96): App\Models\Mcustom->add('syarat_umum', [...])
 7 APPPATH\Controllers\Syaratumum.php(83): App\Controllers\Syaratumum->simpan()
 8 SYSTEMPATH\CodeIgniter.php(896): App\Controllers\Syaratumum->proses()
 9 SYSTEMPATH\CodeIgniter.php(466): CodeIgniter\CodeIgniter->runController(Object(App\Controllers\Syaratumum))
10 SYSTEMPATH\CodeIgniter.php(349): CodeIgniter\CodeIgniter->handleRequest(null, Object(Config\Cache), false)
11 FCPATH\index.php(55): CodeIgniter\CodeIgniter->run()
