CRITICAL - 2022-09-04 08:59:43 --> Invalid file: head.php
in SYSTEMPATH\Exceptions\FrameworkException.php on line 33.
 1 SYSTEMPATH\View\View.php(201): CodeIgniter\Exceptions\FrameworkException::forInvalidFile('head.php')
 2 SYSTEMPATH\Common.php(1135): CodeIgniter\View\View->render('head', [], true)
 3 APPPATH\Controllers\Korps.php(60): view('head', [...])
 4 SYSTEMPATH\CodeIgniter.php(896): App\Controllers\Korps->index()
 5 SYSTEMPATH\CodeIgniter.php(466): CodeIgniter\CodeIgniter->runController(Object(App\Controllers\Korps))
 6 SYSTEMPATH\CodeIgniter.php(349): CodeIgniter\CodeIgniter->handleRequest(null, Object(Config\Cache), false)
 7 FCPATH\index.php(55): CodeIgniter\CodeIgniter->run()
CRITICAL - 2022-09-04 09:03:37 --> Invalid file: foot.php
in SYSTEMPATH\Exceptions\FrameworkException.php on line 33.
 1 SYSTEMPATH\View\View.php(201): CodeIgniter\Exceptions\FrameworkException::forInvalidFile('foot.php')
 2 SYSTEMPATH\Common.php(1135): CodeIgniter\View\View->render('foot', [], true)
 3 APPPATH\Controllers\Pangkat.php(65): view('foot')
 4 SYSTEMPATH\CodeIgniter.php(896): App\Controllers\Pangkat->index()
 5 SYSTEMPATH\CodeIgniter.php(466): CodeIgniter\CodeIgniter->runController(Object(App\Controllers\Pangkat))
 6 SYSTEMPATH\CodeIgniter.php(349): CodeIgniter\CodeIgniter->handleRequest(null, Object(Config\Cache), false)
 7 FCPATH\index.php(55): CodeIgniter\CodeIgniter->run()
CRITICAL - 2022-09-04 09:04:28 --> Invalid file: foot.php
in SYSTEMPATH\Exceptions\FrameworkException.php on line 33.
 1 SYSTEMPATH\View\View.php(201): CodeIgniter\Exceptions\FrameworkException::forInvalidFile('foot.php')
 2 SYSTEMPATH\Common.php(1135): CodeIgniter\View\View->render('foot', [], true)
 3 APPPATH\Controllers\Pangkat.php(65): view('foot')
 4 SYSTEMPATH\CodeIgniter.php(896): App\Controllers\Pangkat->index()
 5 SYSTEMPATH\CodeIgniter.php(466): CodeIgniter\CodeIgniter->runController(Object(App\Controllers\Pangkat))
 6 SYSTEMPATH\CodeIgniter.php(349): CodeIgniter\CodeIgniter->handleRequest(null, Object(Config\Cache), false)
 7 FCPATH\index.php(55): CodeIgniter\CodeIgniter->run()
CRITICAL - 2022-09-04 09:17:21 --> Undefined variable: email
in APPPATH\Views\depan\login.php on line 47.
 1 APPPATH\Views\depan\login.php(47): CodeIgniter\Debug\Exceptions->errorHandler(8, 'Undefined variable: email', 'APPPATH\\Views\\depan\\login.php', 47, [...])
 2 SYSTEMPATH\View\View.php(213): include('APPPATH\\Views\\depan\\login.php')
 3 SYSTEMPATH\View\View.php(216): CodeIgniter\View\View->CodeIgniter\View\{closure}()
 4 SYSTEMPATH\Common.php(1135): CodeIgniter\View\View->render('depan/login', [], true)
 5 APPPATH\Controllers\Login.php(41): view('depan/login', [...])
 6 SYSTEMPATH\CodeIgniter.php(896): App\Controllers\Login->index()
 7 SYSTEMPATH\CodeIgniter.php(466): CodeIgniter\CodeIgniter->runController(Object(App\Controllers\Login))
 8 SYSTEMPATH\CodeIgniter.php(349): CodeIgniter\CodeIgniter->handleRequest(null, Object(Config\Cache), false)
 9 FCPATH\index.php(55): CodeIgniter\CodeIgniter->run()
CRITICAL - 2022-09-04 11:09:23 --> Undefined variable: row
in APPPATH\Views\depan\index.php on line 98.
 1 APPPATH\Views\depan\index.php(98): CodeIgniter\Debug\Exceptions->errorHandler(8, 'Undefined variable: row', 'APPPATH\\Views\\depan\\index.php', 98, [...])
 2 SYSTEMPATH\View\View.php(213): include('APPPATH\\Views\\depan\\index.php')
 3 SYSTEMPATH\View\View.php(216): CodeIgniter\View\View->CodeIgniter\View\{closure}()
 4 SYSTEMPATH\Common.php(1135): CodeIgniter\View\View->render('depan/index', [], true)
 5 APPPATH\Controllers\Home.php(57): view('depan/index', [...])
 6 SYSTEMPATH\CodeIgniter.php(896): App\Controllers\Home->index()
 7 SYSTEMPATH\CodeIgniter.php(466): CodeIgniter\CodeIgniter->runController(Object(App\Controllers\Home))
 8 SYSTEMPATH\CodeIgniter.php(349): CodeIgniter\CodeIgniter->handleRequest(null, Object(Config\Cache), false)
 9 FCPATH\index.php(55): CodeIgniter\CodeIgniter->run()
CRITICAL - 2022-09-04 11:09:33 --> Undefined property: CodeIgniter\View\View::$modul
in APPPATH\Views\depan\index.php on line 99.
 1 APPPATH\Views\depan\index.php(99): CodeIgniter\Debug\Exceptions->errorHandler(8, 'Undefined property: CodeIgniter\\View\\View::$modul', 'APPPATH\\Views\\depan\\index.php', 99, [...])
 2 SYSTEMPATH\View\View.php(213): include('APPPATH\\Views\\depan\\index.php')
 3 SYSTEMPATH\View\View.php(216): CodeIgniter\View\View->CodeIgniter\View\{closure}()
 4 SYSTEMPATH\Common.php(1135): CodeIgniter\View\View->render('depan/index', [], true)
 5 APPPATH\Controllers\Home.php(57): view('depan/index', [...])
 6 SYSTEMPATH\CodeIgniter.php(896): App\Controllers\Home->index()
 7 SYSTEMPATH\CodeIgniter.php(466): CodeIgniter\CodeIgniter->runController(Object(App\Controllers\Home))
 8 SYSTEMPATH\CodeIgniter.php(349): CodeIgniter\CodeIgniter->handleRequest(null, Object(Config\Cache), false)
 9 FCPATH\index.php(55): CodeIgniter\CodeIgniter->run()
CRITICAL - 2022-09-04 11:09:35 --> Undefined property: CodeIgniter\View\View::$modul
in APPPATH\Views\depan\index.php on line 99.
 1 APPPATH\Views\depan\index.php(99): CodeIgniter\Debug\Exceptions->errorHandler(8, 'Undefined property: CodeIgniter\\View\\View::$modul', 'APPPATH\\Views\\depan\\index.php', 99, [...])
 2 SYSTEMPATH\View\View.php(213): include('APPPATH\\Views\\depan\\index.php')
 3 SYSTEMPATH\View\View.php(216): CodeIgniter\View\View->CodeIgniter\View\{closure}()
 4 SYSTEMPATH\Common.php(1135): CodeIgniter\View\View->render('depan/index', [], true)
 5 APPPATH\Controllers\Home.php(57): view('depan/index', [...])
 6 SYSTEMPATH\CodeIgniter.php(896): App\Controllers\Home->index()
 7 SYSTEMPATH\CodeIgniter.php(466): CodeIgniter\CodeIgniter->runController(Object(App\Controllers\Home))
 8 SYSTEMPATH\CodeIgniter.php(349): CodeIgniter\CodeIgniter->handleRequest(null, Object(Config\Cache), false)
 9 FCPATH\index.php(55): CodeIgniter\CodeIgniter->run()
