ERROR - 2022-09-11 00:27:08 --> You have an error in your SQL syntax; check the manual that corresponds to your MySQL server version for the right syntax to use near 'where idrole = 'R00002'' at line 1
CRITICAL - 2022-09-11 00:27:08 --> Call to a member function getRowObject() on bool
in APPPATH\Models\Mcustom.php on line 27.
 1 APPPATH\Controllers\Beranda.php(61): App\Models\Mcustom->getAllQR('select count(*) as jml where idrole = \'R00002\';')
 2 SYSTEMPATH\CodeIgniter.php(896): App\Controllers\Beranda->index()
 3 SYSTEMPATH\CodeIgniter.php(466): CodeIgniter\CodeIgniter->runController(Object(App\Controllers\Beranda))
 4 SYSTEMPATH\CodeIgniter.php(349): CodeIgniter\CodeIgniter->handleRequest(null, Object(Config\Cache), false)
 5 FCPATH\index.php(55): CodeIgniter\CodeIgniter->run()
ERROR - 2022-09-11 00:27:34 --> You have an error in your SQL syntax; check the manual that corresponds to your MySQL server version for the right syntax to use near 'where idrole = 'R00002'' at line 1
CRITICAL - 2022-09-11 00:27:34 --> Call to a member function getRowObject() on bool
in APPPATH\Models\Mcustom.php on line 27.
 1 APPPATH\Controllers\Beranda.php(61): App\Models\Mcustom->getAllQR('select count(*) as jml where idrole = \'R00002\';')
 2 SYSTEMPATH\CodeIgniter.php(896): App\Controllers\Beranda->index()
 3 SYSTEMPATH\CodeIgniter.php(466): CodeIgniter\CodeIgniter->runController(Object(App\Controllers\Beranda))
 4 SYSTEMPATH\CodeIgniter.php(349): CodeIgniter\CodeIgniter->handleRequest(null, Object(Config\Cache), false)
 5 FCPATH\index.php(55): CodeIgniter\CodeIgniter->run()
ERROR - 2022-09-11 00:27:52 --> You have an error in your SQL syntax; check the manual that corresponds to your MySQL server version for the right syntax to use near 'where idrole = 'R00002'' at line 1
CRITICAL - 2022-09-11 00:27:52 --> You have an error in your SQL syntax; check the manual that corresponds to your MySQL server version for the right syntax to use near 'where idrole = 'R00002'' at line 1
in SYSTEMPATH\Database\MySQLi\Connection.php on line 292.
 1 SYSTEMPATH\Database\MySQLi\Connection.php(292): mysqli->query('select count(*) as jml where idrole = \'R00002\';', 0)
 2 SYSTEMPATH\Database\BaseConnection.php(695): CodeIgniter\Database\MySQLi\Connection->execute('select count(*) as jml where idrole = \'R00002\';')
 3 SYSTEMPATH\Database\BaseConnection.php(609): CodeIgniter\Database\BaseConnection->simpleQuery('select count(*) as jml where idrole = \'R00002\';')
 4 APPPATH\Models\Mcustom.php(26): CodeIgniter\Database\BaseConnection->query('select count(*) as jml where idrole = \'R00002\';')
 5 APPPATH\Controllers\Beranda.php(61): App\Models\Mcustom->getAllQR('select count(*) as jml where idrole = \'R00002\';')
 6 SYSTEMPATH\CodeIgniter.php(896): App\Controllers\Beranda->index()
 7 SYSTEMPATH\CodeIgniter.php(466): CodeIgniter\CodeIgniter->runController(Object(App\Controllers\Beranda))
 8 SYSTEMPATH\CodeIgniter.php(349): CodeIgniter\CodeIgniter->handleRequest(null, Object(Config\Cache), false)
 9 FCPATH\index.php(55): CodeIgniter\CodeIgniter->run()
CRITICAL - 2022-09-11 00:29:22 --> Undefined variable: tw
in APPPATH\Views\depan\header.php on line 45.
 1 APPPATH\Views\depan\header.php(45): CodeIgniter\Debug\Exceptions->errorHandler(8, 'Undefined variable: tw', 'APPPATH\\Views\\depan\\header.php', 45, [...])
 2 SYSTEMPATH\View\View.php(213): include('APPPATH\\Views\\depan\\header.php')
 3 SYSTEMPATH\View\View.php(216): CodeIgniter\View\View->CodeIgniter\View\{closure}()
 4 SYSTEMPATH\Common.php(1135): CodeIgniter\View\View->render('depan/header', [], true)
 5 APPPATH\Controllers\Login.php(43): view('depan/header', [...])
 6 SYSTEMPATH\CodeIgniter.php(896): App\Controllers\Login->index()
 7 SYSTEMPATH\CodeIgniter.php(466): CodeIgniter\CodeIgniter->runController(Object(App\Controllers\Login))
 8 SYSTEMPATH\CodeIgniter.php(349): CodeIgniter\CodeIgniter->handleRequest(null, Object(Config\Cache), false)
 9 FCPATH\index.php(55): CodeIgniter\CodeIgniter->run()
CRITICAL - 2022-09-11 00:29:54 --> Undefined variable: idusers
in APPPATH\Views\depan\menu.php on line 15.
 1 APPPATH\Views\depan\menu.php(15): CodeIgniter\Debug\Exceptions->errorHandler(8, 'Undefined variable: idusers', 'APPPATH\\Views\\depan\\menu.php', 15, [...])
 2 SYSTEMPATH\View\View.php(213): include('APPPATH\\Views\\depan\\menu.php')
 3 SYSTEMPATH\View\View.php(216): CodeIgniter\View\View->CodeIgniter\View\{closure}()
 4 SYSTEMPATH\Common.php(1135): CodeIgniter\View\View->render('depan/menu', [], true)
 5 APPPATH\Controllers\Login.php(60): view('depan/menu')
 6 SYSTEMPATH\CodeIgniter.php(896): App\Controllers\Login->index()
 7 SYSTEMPATH\CodeIgniter.php(466): CodeIgniter\CodeIgniter->runController(Object(App\Controllers\Login))
 8 SYSTEMPATH\CodeIgniter.php(349): CodeIgniter\CodeIgniter->handleRequest(null, Object(Config\Cache), false)
 9 FCPATH\index.php(55): CodeIgniter\CodeIgniter->run()
CRITICAL - 2022-09-11 00:30:07 --> Undefined variable: menu
in APPPATH\Views\depan\menu.php on line 32.
 1 APPPATH\Views\depan\menu.php(32): CodeIgniter\Debug\Exceptions->errorHandler(8, 'Undefined variable: menu', 'APPPATH\\Views\\depan\\menu.php', 32, [...])
 2 SYSTEMPATH\View\View.php(213): include('APPPATH\\Views\\depan\\menu.php')
 3 SYSTEMPATH\View\View.php(216): CodeIgniter\View\View->CodeIgniter\View\{closure}()
 4 SYSTEMPATH\Common.php(1135): CodeIgniter\View\View->render('depan/menu', [], true)
 5 APPPATH\Controllers\Login.php(68): view('depan/menu')
 6 SYSTEMPATH\CodeIgniter.php(896): App\Controllers\Login->index()
 7 SYSTEMPATH\CodeIgniter.php(466): CodeIgniter\CodeIgniter->runController(Object(App\Controllers\Login))
 8 SYSTEMPATH\CodeIgniter.php(349): CodeIgniter\CodeIgniter->handleRequest(null, Object(Config\Cache), false)
 9 FCPATH\index.php(55): CodeIgniter\CodeIgniter->run()
