CRITICAL - 2022-09-08 07:02:19 --> Undefined variable: modul
in APPPATH\Views\depan\index.php on line 8.
 1 APPPATH\Views\depan\index.php(8): CodeIgniter\Debug\Exceptions->errorHandler(8, 'Undefined variable: modul', 'APPPATH\\Views\\depan\\index.php', 8, [...])
 2 SYSTEMPATH\View\View.php(213): include('APPPATH\\Views\\depan\\index.php')
 3 SYSTEMPATH\View\View.php(216): CodeIgniter\View\View->CodeIgniter\View\{closure}()
 4 SYSTEMPATH\Common.php(1135): CodeIgniter\View\View->render('depan/index', [], true)
 5 APPPATH\Controllers\Home.php(58): view('depan/index')
 6 SYSTEMPATH\CodeIgniter.php(896): App\Controllers\Home->index()
 7 SYSTEMPATH\CodeIgniter.php(466): CodeIgniter\CodeIgniter->runController(Object(App\Controllers\Home))
 8 SYSTEMPATH\CodeIgniter.php(349): CodeIgniter\CodeIgniter->handleRequest(null, Object(Config\Cache), false)
 9 FCPATH\index.php(55): CodeIgniter\CodeIgniter->run()
CRITICAL - 2022-09-08 07:05:38 --> Undefined variable: modul
in APPPATH\Views\depan\coba.php on line 8.
 1 APPPATH\Views\depan\coba.php(8): CodeIgniter\Debug\Exceptions->errorHandler(8, 'Undefined variable: modul', 'APPPATH\\Views\\depan\\coba.php', 8, [...])
 2 SYSTEMPATH\View\View.php(213): include('APPPATH\\Views\\depan\\coba.php')
 3 SYSTEMPATH\View\View.php(216): CodeIgniter\View\View->CodeIgniter\View\{closure}()
 4 SYSTEMPATH\Common.php(1135): CodeIgniter\View\View->render('depan/coba', [], true)
 5 APPPATH\Controllers\Home.php(58): view('depan/coba')
 6 SYSTEMPATH\CodeIgniter.php(896): App\Controllers\Home->index()
 7 SYSTEMPATH\CodeIgniter.php(466): CodeIgniter\CodeIgniter->runController(Object(App\Controllers\Home))
 8 SYSTEMPATH\CodeIgniter.php(349): CodeIgniter\CodeIgniter->handleRequest(null, Object(Config\Cache), false)
 9 FCPATH\index.php(55): CodeIgniter\CodeIgniter->run()
CRITICAL - 2022-09-08 07:05:53 --> Undefined variable: modul
in APPPATH\Views\depan\coba.php on line 8.
 1 APPPATH\Views\depan\coba.php(8): CodeIgniter\Debug\Exceptions->errorHandler(8, 'Undefined variable: modul', 'APPPATH\\Views\\depan\\coba.php', 8, [...])
 2 SYSTEMPATH\View\View.php(213): include('APPPATH\\Views\\depan\\coba.php')
 3 SYSTEMPATH\View\View.php(216): CodeIgniter\View\View->CodeIgniter\View\{closure}()
 4 SYSTEMPATH\Common.php(1135): CodeIgniter\View\View->render('depan/coba', [], true)
 5 APPPATH\Controllers\Home.php(58): view('depan/coba')
 6 SYSTEMPATH\CodeIgniter.php(896): App\Controllers\Home->index()
 7 SYSTEMPATH\CodeIgniter.php(466): CodeIgniter\CodeIgniter->runController(Object(App\Controllers\Home))
 8 SYSTEMPATH\CodeIgniter.php(349): CodeIgniter\CodeIgniter->handleRequest(null, Object(Config\Cache), false)
 9 FCPATH\index.php(55): CodeIgniter\CodeIgniter->run()
CRITICAL - 2022-09-08 07:14:33 --> Undefined variable: modul
in APPPATH\Views\depan\content.php on line 8.
 1 APPPATH\Views\depan\content.php(8): CodeIgniter\Debug\Exceptions->errorHandler(8, 'Undefined variable: modul', 'APPPATH\\Views\\depan\\content.php', 8, [...])
 2 SYSTEMPATH\View\View.php(213): include('APPPATH\\Views\\depan\\content.php')
 3 SYSTEMPATH\View\View.php(216): CodeIgniter\View\View->CodeIgniter\View\{closure}()
 4 SYSTEMPATH\Common.php(1135): CodeIgniter\View\View->render('depan/content', [], true)
 5 APPPATH\Controllers\Home.php(59): view('depan/content')
 6 SYSTEMPATH\CodeIgniter.php(896): App\Controllers\Home->index()
 7 SYSTEMPATH\CodeIgniter.php(466): CodeIgniter\CodeIgniter->runController(Object(App\Controllers\Home))
 8 SYSTEMPATH\CodeIgniter.php(349): CodeIgniter\CodeIgniter->handleRequest(null, Object(Config\Cache), false)
 9 FCPATH\index.php(55): CodeIgniter\CodeIgniter->run()
CRITICAL - 2022-09-08 07:15:58 --> Undefined variable: modul
in APPPATH\Views\depan\content.php on line 8.
 1 APPPATH\Views\depan\content.php(8): CodeIgniter\Debug\Exceptions->errorHandler(8, 'Undefined variable: modul', 'APPPATH\\Views\\depan\\content.php', 8, [...])
 2 SYSTEMPATH\View\View.php(213): include('APPPATH\\Views\\depan\\content.php')
 3 SYSTEMPATH\View\View.php(216): CodeIgniter\View\View->CodeIgniter\View\{closure}()
 4 SYSTEMPATH\Common.php(1135): CodeIgniter\View\View->render('depan/content', [], true)
 5 APPPATH\Controllers\Home.php(59): view('depan/content')
 6 SYSTEMPATH\CodeIgniter.php(896): App\Controllers\Home->index()
 7 SYSTEMPATH\CodeIgniter.php(466): CodeIgniter\CodeIgniter->runController(Object(App\Controllers\Home))
 8 SYSTEMPATH\CodeIgniter.php(349): CodeIgniter\CodeIgniter->handleRequest(null, Object(Config\Cache), false)
 9 FCPATH\index.php(55): CodeIgniter\CodeIgniter->run()
CRITICAL - 2022-09-08 07:20:02 --> Request URI segment is out of range: 2
in SYSTEMPATH\HTTP\URI.php on line 529.
 1 SYSTEMPATH\HTTP\URI.php(529): CodeIgniter\HTTP\Exceptions\HTTPException::forURISegmentOutOfRange(2)
 2 APPPATH\Controllers\Home.php(18): CodeIgniter\HTTP\URI->getSegment(2)
 3 SYSTEMPATH\CodeIgniter.php(896): App\Controllers\Home->index()
 4 SYSTEMPATH\CodeIgniter.php(466): CodeIgniter\CodeIgniter->runController(Object(App\Controllers\Home))
 5 SYSTEMPATH\CodeIgniter.php(349): CodeIgniter\CodeIgniter->handleRequest(null, Object(Config\Cache), false)
 6 FCPATH\index.php(55): CodeIgniter\CodeIgniter->run()
